2025-02-19T21:06:34.578Z SSE server running at http://localhost:8000
2025-02-19T21:16:03.730Z SSE server running at http://localhost:8000
2025-02-19T21:36:34.372Z SSE server running at http://localhost:8000
2025-02-19T21:56:57.715Z a501c209-083c-4a3f-9784-f73f98f5a4c0: {"410_130":"a","380_240":"a","430_360":"a","400_450":"a"}
2025-02-19T21:57:07.564Z 4a36e3b2-ddd8-4715-a794-d34742cc1f4e: {"340_190":"a","320_250":"a","380_290":"a","350_360":"a"}
2025-02-19T21:57:17.775Z 4a36e3b2-ddd8-4715-a794-d34742cc1f4e: {"370_150":"a","440_240":"a","440_310":"a","440_370":"a","450_450":"a"}
2025-02-19T21:57:37.843Z 4a36e3b2-ddd8-4715-a794-d34742cc1f4e: {"200_360":"a","270_410":"a","320_310":"a","160_320":"a","210_400":"a"}
2025-02-19T21:58:42.154Z 5e19024d-74ff-4a4b-8acc-495b3628da56: {"270_200":"a","300_230":"a","290_330":"a","230_400":"a","290_190":"a"}
2025-02-19T21:59:28.117Z 12dfbf45-1dfa-42bd-85f8-bb6f6e448670: {"270_260":"a","360_320":"a","300_410":"a","300_440":"a"}
2025-02-19T21:59:52.537Z c426bde3-e247-4cfd-8230-a8f022056b3c: {"230_410":"a","340_430":"a","370_400":"a","460_420":"a","470_400":"a"}
2025-02-19T22:00:13.234Z c426bde3-e247-4cfd-8230-a8f022056b3c: {"380_150":"l","410_80":"l","280_60":"l","250_180":"l","290_330":"l"}
2025-02-19T22:03:21.270Z SSE server running at http://localhost:8000
2025-02-19T22:09:57.990Z SSE server running at http://localhost:8000
2025-02-19T22:14:14.175Z SSE server running at http://localhost:8000
2025-02-19T22:19:26.443Z SSE server running at http://localhost:8000
2025-02-26T19:40:39.773Z SSE server running at http://localhost:8000
2025-02-26T19:41:31.119Z Rate limit exceeded for ::1
2025-02-26T19:41:31.120Z Rate limit exceeded for ::1
2025-02-26T19:41:31.132Z Rate limit exceeded for ::1
2025-02-26T19:41:31.150Z Rate limit exceeded for ::1
2025-02-26T19:41:31.271Z Rate limit exceeded for ::1
2025-02-26T19:41:31.272Z Rate limit exceeded for ::1
2025-02-26T19:41:31.283Z Rate limit exceeded for ::1
2025-02-26T19:41:31.302Z Rate limit exceeded for ::1
2025-02-26T19:41:31.428Z Rate limit exceeded for ::1
2025-02-26T19:41:31.430Z Rate limit exceeded for ::1
2025-02-26T19:41:31.437Z Rate limit exceeded for ::1
2025-02-26T19:41:31.456Z Rate limit exceeded for ::1
2025-02-26T19:41:31.576Z Rate limit exceeded for ::1
2025-02-26T19:41:31.577Z Rate limit exceeded for ::1
2025-02-26T19:41:31.590Z Rate limit exceeded for ::1
2025-02-26T19:41:31.611Z Rate limit exceeded for ::1
2025-02-26T19:41:50.640Z Rate limit exceeded for ::1
2025-02-26T19:41:50.640Z Rate limit exceeded for ::1
2025-02-26T19:41:50.643Z Rate limit exceeded for ::1
2025-02-26T19:41:51.097Z SSE server running at http://localhost:8000
2025-02-26T19:43:11.834Z SSE server running at http://localhost:8000
2025-02-26T19:55:44.105Z Rate limit exceeded for ::1
2025-02-26T19:55:44.105Z Rate limit exceeded for ::1
2025-02-26T19:55:44.114Z Rate limit exceeded for ::1
2025-02-26T19:55:45.913Z Rate limit exceeded for ::1
2025-02-26T19:55:45.914Z Rate limit exceeded for ::1
2025-02-26T19:55:45.915Z Rate limit exceeded for ::1
2025-02-26T19:55:45.924Z Rate limit exceeded for ::1
2025-02-26T19:55:50.022Z Rate limit exceeded for ::1
2025-02-26T19:55:50.032Z Rate limit exceeded for ::1
2025-02-26T19:56:01.338Z Rate limit exceeded for ::1
2025-02-26T19:56:01.339Z Rate limit exceeded for ::1
2025-02-26T19:56:07.336Z Rate limit exceeded for ::1
2025-02-26T19:56:07.338Z Rate limit exceeded for ::1
2025-02-26T19:56:13.894Z Rate limit exceeded for ::1
2025-02-26T19:56:13.896Z Rate limit exceeded for ::1
2025-02-26T19:56:13.896Z Rate limit exceeded for ::1
2025-02-26T19:56:13.905Z Rate limit exceeded for ::1
2025-02-26T19:56:15.595Z Rate limit exceeded for ::1
2025-02-26T19:56:15.601Z Rate limit exceeded for ::1
2025-02-26T19:56:16.405Z Rate limit exceeded for ::1
2025-02-26T19:56:16.407Z Rate limit exceeded for ::1
2025-02-26T19:56:16.409Z Rate limit exceeded for ::1
2025-02-26T19:56:16.419Z Rate limit exceeded for ::1
2025-02-26T19:56:20.884Z SSE server running at http://localhost:8000
2025-02-26T19:58:37.101Z SSE server running at http://localhost:8000
2025-02-26T20:01:46.333Z Rate limit exceeded for ::1
2025-02-26T20:01:46.334Z Rate limit exceeded for ::1
2025-02-26T20:01:46.339Z Rate limit exceeded for ::1
2025-02-26T20:01:46.744Z Rate limit exceeded for ::1
2025-02-26T20:01:46.749Z Rate limit exceeded for ::1
2025-02-26T20:01:46.757Z Rate limit exceeded for ::1
2025-02-26T20:01:46.779Z Rate limit exceeded for ::1
2025-02-26T20:01:53.023Z SSE server running at http://localhost:8000
2025-02-26T20:08:32.444Z Rate limit exceeded for ::1
2025-02-26T20:08:32.448Z Rate limit exceeded for ::1
2025-02-26T20:08:32.448Z Rate limit exceeded for ::1
2025-02-26T20:08:32.459Z Rate limit exceeded for ::1
2025-02-26T20:08:32.869Z Rate limit exceeded for ::1
2025-02-26T20:08:32.870Z Rate limit exceeded for ::1
2025-02-26T20:08:32.871Z Rate limit exceeded for ::1
2025-02-26T20:08:32.883Z Rate limit exceeded for ::1
2025-02-26T20:08:38.116Z SSE server running at http://localhost:8000
2025-02-26T20:12:24.687Z Rate limit exceeded for ::1
2025-02-26T20:12:24.690Z Rate limit exceeded for ::1
2025-02-26T20:12:24.700Z Rate limit exceeded for ::1
2025-02-26T20:12:24.722Z Rate limit exceeded for ::1
2025-02-26T20:12:28.663Z Rate limit exceeded for ::1
2025-02-26T20:12:28.664Z Rate limit exceeded for ::1
2025-02-26T20:12:28.682Z Rate limit exceeded for ::1
2025-02-26T20:12:28.692Z Rate limit exceeded for ::1
2025-02-26T20:12:28.701Z Rate limit exceeded for ::1
2025-02-26T20:13:03.214Z Rate limit exceeded for ::1
2025-02-26T20:13:03.217Z Rate limit exceeded for ::1
2025-02-26T20:13:03.229Z Rate limit exceeded for ::1
2025-02-26T20:13:03.249Z Rate limit exceeded for ::1
2025-02-26T20:13:03.256Z Rate limit exceeded for ::1
2025-02-26T20:13:03.986Z Rate limit exceeded for ::1
2025-02-26T20:13:03.989Z Rate limit exceeded for ::1
2025-02-26T20:13:03.998Z Rate limit exceeded for ::1
2025-02-26T20:13:04.017Z Rate limit exceeded for ::1
2025-02-26T20:13:04.023Z Rate limit exceeded for ::1
2025-02-26T20:13:07.029Z Rate limit exceeded for ::1
2025-02-26T20:13:07.030Z Rate limit exceeded for ::1
2025-02-26T20:13:07.054Z Rate limit exceeded for ::1
2025-02-26T20:13:07.064Z Rate limit exceeded for ::1
2025-02-26T20:13:07.069Z Rate limit exceeded for ::1
2025-02-26T20:13:07.859Z Rate limit exceeded for ::1
2025-02-26T20:13:07.861Z Rate limit exceeded for ::1
2025-02-26T20:13:07.862Z Rate limit exceeded for ::1
2025-02-26T20:13:07.871Z Rate limit exceeded for ::1
2025-02-26T20:13:07.876Z Rate limit exceeded for ::1
2025-02-26T20:13:27.935Z Rate limit exceeded for ::1
2025-02-26T20:13:27.937Z Rate limit exceeded for ::1
2025-02-26T20:13:27.938Z Rate limit exceeded for ::1
2025-02-26T20:13:27.946Z Rate limit exceeded for ::1
2025-02-26T20:13:35.623Z SSE server running at http://localhost:8000
2025-02-26T20:17:05.229Z Rate limit exceeded for ::1
2025-02-26T20:17:05.248Z Rate limit exceeded for ::1
2025-02-26T20:17:05.259Z Rate limit exceeded for ::1
2025-02-26T20:17:05.264Z Rate limit exceeded for ::1
2025-02-26T20:17:05.625Z Rate limit exceeded for ::1
2025-02-26T20:17:05.628Z Rate limit exceeded for ::1
2025-02-26T20:17:05.629Z Rate limit exceeded for ::1
2025-02-26T20:17:05.639Z Rate limit exceeded for ::1
2025-02-26T20:17:05.642Z Rate limit exceeded for ::1
2025-02-26T20:17:05.965Z Rate limit exceeded for ::1
2025-02-26T20:17:05.969Z Rate limit exceeded for ::1
2025-02-26T20:17:05.970Z Rate limit exceeded for ::1
2025-02-26T20:17:05.980Z Rate limit exceeded for ::1
2025-02-26T20:17:05.981Z Rate limit exceeded for ::1
2025-02-26T20:17:10.905Z Rate limit exceeded for ::1
2025-02-26T20:17:10.906Z Rate limit exceeded for ::1
2025-02-26T20:17:10.919Z Rate limit exceeded for ::1
2025-02-26T20:17:20.349Z Rate limit exceeded for ::1
2025-02-26T20:17:20.350Z Rate limit exceeded for ::1
2025-02-26T20:17:20.351Z Rate limit exceeded for ::1
2025-02-26T20:17:20.351Z Rate limit exceeded for ::1
2025-02-26T20:17:22.966Z Rate limit exceeded for ::1
2025-02-26T20:17:22.967Z Rate limit exceeded for ::1
2025-02-26T20:17:22.976Z Rate limit exceeded for ::1
2025-02-26T20:17:27.961Z SSE server running at http://localhost:8000
2025-02-28T00:59:23.107Z SSE server running at http://localhost:8000
2025-02-28T01:00:32.491Z SSE server running at http://localhost:8000
2025-02-28T01:08:42.185Z SSE server running at http://localhost:8000
2025-02-28T01:10:39.293Z SSE server running at http://localhost:8000
2025-02-28T01:10:45.691Z SSE server running at http://localhost:8000
2025-02-28T01:10:55.813Z SSE server running at http://localhost:8000
2025-02-28T01:11:52.336Z SSE server running at http://localhost:8000
2025-02-28T01:20:49.786Z SSE server running at http://localhost:8000
2025-02-28T01:24:13.442Z SSE server running at http://localhost:8000
2025-02-28T01:24:52.502Z SSE server running at http://localhost:8000
2025-02-28T01:24:58.238Z SSE server running at http://localhost:8000
2025-02-28T01:25:52.348Z SSE server running at http://localhost:8000
2025-02-28T01:26:06.194Z SSE server running at http://localhost:8000
2025-02-28T01:26:09.776Z SSE server running at http://localhost:8000
2025-02-28T01:26:19.809Z SSE server running at http://localhost:8000
2025-02-28T01:26:21.949Z SSE server running at http://localhost:8000
2025-02-28T01:34:57.218Z SSE server running at http://localhost:8000
2025-02-28T01:35:06.247Z SSE server running at http://localhost:8000
2025-02-28T01:35:21.361Z SSE server running at http://localhost:8000
2025-02-28T01:37:07.344Z SSE server running at http://localhost:8000
2025-02-28T01:41:37.429Z SSE server running at http://localhost:8000
2025-02-28T01:41:41.307Z SSE server running at http://localhost:8000
2025-02-28T01:42:03.534Z SSE server running at http://localhost:8000
2025-02-28T01:42:07.724Z SSE server running at http://localhost:8000
2025-02-28T01:49:44.988Z b9e98c9b-c725-49e9-9d3e-0935192994f6: {"390_480":"k","380_400":"k","430_390":"k"}
2025-02-28T01:50:37.506Z SSE server running at http://localhost:8000
2025-02-28T01:50:58.454Z SSE server running at http://localhost:8000
2025-02-28T01:51:28.436Z SSE server running at http://localhost:8000
2025-02-28T01:51:30.066Z SSE server running at http://localhost:8000
2025-02-28T01:51:40.061Z SSE server running at http://localhost:8000
2025-02-28T01:51:54.882Z SSE server running at http://localhost:8000
2025-02-28T01:52:08.323Z 25868cc1-a4d9-4592-85f0-9a74e083d920: {"310_280":"a","370_400":"a","420_250":"a","210_270":"a","280_370":"a"}
2025-02-28T02:02:24.483Z 290d3d48-aa80-42bc-a046-a77a83629464: {"320_410":"j","170_440":"j","390_410":"j","390_310":"j"}
2025-02-28T02:03:01.602Z 953841a7-b444-4802-bdb1-6fca8d838f38: {"360_410":"a","340_330":"a","340_320":"a"}
2025-02-28T02:04:35.017Z SSE server running at http://localhost:8000
2025-02-28T02:05:47.717Z 31a41464-2c37-4590-a239-7dc6a94eeb93: {"220_380":"j","250_320":"j","270_330":"j","310_440":"j","400_480":"j"}
2025-02-28T02:06:24.373Z e333d3a4-6b6e-4515-b19c-43ee928629d0: {"140_420":"b","160_310":"b","150_230":"b","280_220":"b","300_330":"b"}
